<?xml version="1.0" encoding="UTF-8"?>
<testsuite xmlns:xsi="http://www.w3.org/2001/XMLSchema-instance" xsi:noNamespaceSchemaLocation="https://maven.apache.org/surefire/maven-surefire-plugin/xsd/surefire-test-report-3.0.xsd" version="3.0" name="com.company.AvionDAOH2Test" time="1.979" tests="4" errors="0" skipped="0" failures="0">
  <properties>
    <property name="java.specification.version" value="19"/>
    <property name="sun.cpu.isalist" value="amd64"/>
    <property name="sun.jnu.encoding" value="Cp1252"/>
    <property name="java.class.path" value="C:\Users\User\Desktop\Archivo\Certified Tech Developer\Back End I\Clase 18\DAO_Maven\target\test-classes;C:\Users\User\Desktop\Archivo\Certified Tech Developer\Back End I\Clase 18\DAO_Maven\target\classes;C:\Users\User\.m2\repository\junit\junit\4.13.1\junit-4.13.1.jar;C:\Users\User\.m2\repository\org\hamcrest\hamcrest-core\1.3\hamcrest-core-1.3.jar;C:\Users\User\.m2\repository\com\h2database\h2\2.1.214\h2-2.1.214.jar;C:\Users\User\.m2\repository\log4j\log4j\1.2.17\log4j-1.2.17.jar;C:\Users\User\.m2\repository\org\junit\jupiter\junit-jupiter-engine\5.9.1\junit-jupiter-engine-5.9.1.jar;C:\Users\User\.m2\repository\org\junit\platform\junit-platform-engine\1.9.1\junit-platform-engine-1.9.1.jar;C:\Users\User\.m2\repository\org\opentest4j\opentest4j\1.2.0\opentest4j-1.2.0.jar;C:\Users\User\.m2\repository\org\junit\platform\junit-platform-commons\1.9.1\junit-platform-commons-1.9.1.jar;C:\Users\User\.m2\repository\org\junit\jupiter\junit-jupiter-api\5.9.1\junit-jupiter-api-5.9.1.jar;C:\Users\User\.m2\repository\org\apiguardian\apiguardian-api\1.1.2\apiguardian-api-1.1.2.jar;"/>
    <property name="java.vm.vendor" value="Amazon.com Inc."/>
    <property name="sun.arch.data.model" value="64"/>
    <property name="user.variant" value=""/>
    <property name="java.vendor.url" value="https://aws.amazon.com/corretto/"/>
    <property name="user.timezone" value="America/Montevideo"/>
    <property name="os.name" value="Windows 10"/>
    <property name="java.vm.specification.version" value="19"/>
    <property name="sun.java.launcher" value="SUN_STANDARD"/>
    <property name="user.country" value="VE"/>
    <property name="sun.boot.library.path" value="C:\Users\User\.jdks\corretto-19\bin"/>
    <property name="sun.java.command" value="C:\Users\User\AppData\Local\Temp\surefire10169376570977405909\surefirebooter5803062199599411734.jar C:\Users\User\AppData\Local\Temp\surefire10169376570977405909 2023-05-21T13-27-54_393-jvmRun1 surefire14283649006552912105tmp surefire_07749591429130408030tmp"/>
    <property name="jdk.debug" value="release"/>
    <property name="surefire.test.class.path" value="C:\Users\User\Desktop\Archivo\Certified Tech Developer\Back End I\Clase 18\DAO_Maven\target\test-classes;C:\Users\User\Desktop\Archivo\Certified Tech Developer\Back End I\Clase 18\DAO_Maven\target\classes;C:\Users\User\.m2\repository\junit\junit\4.13.1\junit-4.13.1.jar;C:\Users\User\.m2\repository\org\hamcrest\hamcrest-core\1.3\hamcrest-core-1.3.jar;C:\Users\User\.m2\repository\com\h2database\h2\2.1.214\h2-2.1.214.jar;C:\Users\User\.m2\repository\log4j\log4j\1.2.17\log4j-1.2.17.jar;C:\Users\User\.m2\repository\org\junit\jupiter\junit-jupiter-engine\5.9.1\junit-jupiter-engine-5.9.1.jar;C:\Users\User\.m2\repository\org\junit\platform\junit-platform-engine\1.9.1\junit-platform-engine-1.9.1.jar;C:\Users\User\.m2\repository\org\opentest4j\opentest4j\1.2.0\opentest4j-1.2.0.jar;C:\Users\User\.m2\repository\org\junit\platform\junit-platform-commons\1.9.1\junit-platform-commons-1.9.1.jar;C:\Users\User\.m2\repository\org\junit\jupiter\junit-jupiter-api\5.9.1\junit-jupiter-api-5.9.1.jar;C:\Users\User\.m2\repository\org\apiguardian\apiguardian-api\1.1.2\apiguardian-api-1.1.2.jar;"/>
    <property name="sun.cpu.endian" value="little"/>
    <property name="user.home" value="C:\Users\User"/>
    <property name="user.language" value="es"/>
    <property name="java.specification.vendor" value="Oracle Corporation"/>
    <property name="java.version.date" value="2022-09-20"/>
    <property name="java.home" value="C:\Users\User\.jdks\corretto-19"/>
    <property name="file.separator" value="\"/>
    <property name="basedir" value="C:\Users\User\Desktop\Archivo\Certified Tech Developer\Back End I\Clase 18\DAO_Maven"/>
    <property name="java.vm.compressedOopsMode" value="32-bit"/>
    <property name="line.separator" value="&#10;"/>
    <property name="java.vm.specification.vendor" value="Oracle Corporation"/>
    <property name="java.specification.name" value="Java Platform API Specification"/>
    <property name="surefire.real.class.path" value="C:\Users\User\AppData\Local\Temp\surefire10169376570977405909\surefirebooter5803062199599411734.jar"/>
    <property name="user.script" value=""/>
    <property name="sun.management.compiler" value="HotSpot 64-Bit Tiered Compilers"/>
    <property name="java.runtime.version" value="19+36-FR"/>
    <property name="user.name" value="User"/>
    <property name="stdout.encoding" value="Cp1252"/>
    <property name="path.separator" value=";"/>
    <property name="os.version" value="10.0"/>
    <property name="java.runtime.name" value="OpenJDK Runtime Environment"/>
    <property name="file.encoding" value="UTF-8"/>
    <property name="java.vm.name" value="OpenJDK 64-Bit Server VM"/>
    <property name="java.vendor.version" value="Corretto-19.0.0.36.1"/>
    <property name="localRepository" value="C:\Users\User\.m2\repository"/>
    <property name="java.vendor.url.bug" value="https://github.com/corretto/corretto-19/issues/"/>
    <property name="java.io.tmpdir" value="C:\Users\User\AppData\Local\Temp\"/>
    <property name="idea.version" value="2022.2.3"/>
    <property name="java.version" value="19"/>
    <property name="user.dir" value="C:\Users\User\Desktop\Archivo\Certified Tech Developer\Back End I\Clase 18\DAO_Maven"/>
    <property name="os.arch" value="amd64"/>
    <property name="java.vm.specification.name" value="Java Virtual Machine Specification"/>
    <property name="sun.os.patch.level" value=""/>
    <property name="native.encoding" value="Cp1252"/>
    <property name="java.library.path" value="C:\Users\User\.jdks\corretto-19\bin;C:\WINDOWS\Sun\Java\bin;C:\WINDOWS\system32;C:\WINDOWS;C:\Program Files\Common Files\Oracle\Java\javapath;C:\Program Files (x86)\Intel\iCLS Client\;C:\Program Files\Intel\iCLS Client\;C:\WINDOWS\system32;C:\WINDOWS;C:\WINDOWS\System32\Wbem;C:\WINDOWS\System32\WindowsPowerShell\v1.0\;C:\Program Files\Intel\Intel(R) Management Engine Components\DAL;C:\Program Files\Intel\Intel(R) Management Engine Components\IPT;C:\Program Files (x86)\Intel\Intel(R) Management Engine Components\DAL;C:\Program Files (x86)\Intel\Intel(R) Management Engine Components\IPT;C:\Program Files (x86)\Intel\OpenCL SDK\2.0\bin\x86;C:\Program Files (x86)\Intel\OpenCL SDK\2.0\bin\x64;C:\WINDOWS\System32\OpenSSH\;C:\Program Files\CMake\bin;C:\Program Files\dotnet\;C:\Program Files\nodejs\;C:\HashiCorp\Vagrant\bin;C:\Program Files (x86)\PuTTY\;C:\Program Files (x86)\PowerShell\7\;C:\Program Files\Docker\Docker\resources\bin;C:\Program Files\Git\cmd;C:\Users\User\AppData\Local\Microsoft\WindowsApps;C:\Users\User\AppData\Local\atom\bin;C:\Users\User\AppData\Local\Microsoft\WindowsApps;C:\Program Files\heroku\bin;C:\Program Files\nodejs;;C:\Users\User\AppData\Local\Programs\Microsoft VS Code\bin;C:\Users\User\.dotnet\tools;C:\Users\User\AppData\Roaming\npm;."/>
    <property name="java.vm.info" value="mixed mode, sharing"/>
    <property name="stderr.encoding" value="Cp1252"/>
    <property name="java.vendor" value="Amazon.com Inc."/>
    <property name="java.vm.version" value="19+36-FR"/>
    <property name="sun.io.unicode.encoding" value="UnicodeLittle"/>
    <property name="java.class.version" value="63.0"/>
  </properties>
  <testcase name="buscar" classname="com.company.AvionDAOH2Test" time="1.532">
    <system-out><![CDATA[[2023-05-21 13:28:01] [ INFO  ] [AvionDAOH2:43] Avión registrado en la base de datos
[2023-05-21 13:28:01] [ INFO  ] [AvionDAOH2:43] Avión registrado en la base de datos
[2023-05-21 13:28:01] [ INFO  ] [AvionDAOH2:138] Avión encontrado
[2023-05-21 13:28:01] [ INFO  ] [AvionDAOH2:138] Avión encontrado
[2023-05-21 13:28:01] [ INFO  ] [AvionDAOH2:83] Avión eliminado de la base de datos
[2023-05-21 13:28:01] [ INFO  ] [AvionDAOH2:83] Avión eliminado de la base de datos
]]></system-out>
  </testcase>
  <testcase name="registrar" classname="com.company.AvionDAOH2Test" time="0.057">
    <system-out><![CDATA[[2023-05-21 13:28:01] [ INFO  ] [AvionDAOH2:43] Avión registrado en la base de datos
[2023-05-21 13:28:01] [ INFO  ] [AvionDAOH2:43] Avión registrado en la base de datos
[2023-05-21 13:28:01] [ INFO  ] [AvionDAOH2:83] Avión eliminado de la base de datos
[2023-05-21 13:28:01] [ INFO  ] [AvionDAOH2:83] Avión eliminado de la base de datos
]]></system-out>
  </testcase>
  <testcase name="eliminar" classname="com.company.AvionDAOH2Test" time="0.047">
    <system-out><![CDATA[[2023-05-21 13:28:01] [ INFO  ] [AvionDAOH2:43] Avión registrado en la base de datos
[2023-05-21 13:28:01] [ INFO  ] [AvionDAOH2:83] Avión eliminado de la base de datos
[2023-05-21 13:28:01] [ INFO  ] [AvionDAOH2:138] Avión encontrado
]]></system-out>
  </testcase>
  <testcase name="buscarTodos" classname="com.company.AvionDAOH2Test" time="0.089">
    <system-out><![CDATA[[2023-05-21 13:28:01] [ INFO  ] [AvionDAOH2:43] Avión registrado en la base de datos
[2023-05-21 13:28:01] [ INFO  ] [AvionDAOH2:43] Avión registrado en la base de datos
[2023-05-21 13:28:01] [ INFO  ] [AvionDAOH2:176] Lista de aviones devuelta
[2023-05-21 13:28:01] [ INFO  ] [AvionDAOH2:83] Avión eliminado de la base de datos
[2023-05-21 13:28:01] [ INFO  ] [AvionDAOH2:83] Avión eliminado de la base de datos
]]></system-out>
  </testcase>
</testsuite>